<?xml version="1.0" encoding="UTF-8"?>
<!-- Generated by org.testng.reporters.JUnitXMLReporter -->
<testsuite hostname="C02XG1K7JG5M" ignored="0" name="Default test" tests="4" failures="0" timestamp="23 May 2021 06:39:58 GMT" time="3.049" errors="0">
  <testcase name="checkContentType" time="0.005" classname="com.qa.tests.CabookingTest"/>
  <testcase name="checkResposeBody" time="0.009" classname="com.qa.tests.CabookingTest"/>
  <testcase name="checkStatusCode" time="0.0" classname="com.qa.tests.CabookingTest"/>
  <testcase name="checkstatusLine" time="0.001" classname="com.qa.tests.CabookingTest"/>
</testsuite> <!-- Default test -->
