<?xml version="1.0" encoding="UTF-8"?>
<!-- Generated by org.testng.reporters.JUnitXMLReporter -->
<testsuite hostname="C02XG1K7JG5M" ignored="0" name="Test" tests="18" failures="0" timestamp="23 May 2021 06:45:00 GMT" time="14.366" errors="0">
  <testcase name="checkContentType" time="0.005" classname="com.qa.tests.SearchcarTest"/>
  <testcase name="checkStatusCode" time="0.001" classname="com.qa.tests.SearchcarTest"/>
  <testcase name="checkstatusLine" time="0.001" classname="com.qa.tests.SearchcarTest"/>
  <testcase name="checkContentType" time="0.001" classname="com.qa.tests.LoginuserTest"/>
  <testcase name="checkResposeBody" time="0.007" classname="com.qa.tests.LoginuserTest"/>
  <testcase name="checkStatusCode" time="0.001" classname="com.qa.tests.LoginuserTest"/>
  <testcase name="checkstatusLine" time="0.001" classname="com.qa.tests.LoginuserTest"/>
  <testcase name="checkContentType" time="0.0" classname="com.qa.tests.CabookingTest"/>
  <testcase name="checkResposeBody" time="0.001" classname="com.qa.tests.CabookingTest"/>
  <testcase name="checkStatusCode" time="0.001" classname="com.qa.tests.CabookingTest"/>
  <testcase name="checkstatusLine" time="0.001" classname="com.qa.tests.CabookingTest"/>
  <testcase name="checkContentType" time="0.001" classname="com.qa.tests.CalculatepriceTest"/>
  <testcase name="checkResposeBody" time="0.001" classname="com.qa.tests.CalculatepriceTest"/>
  <testcase name="checkStatusCode" time="0.001" classname="com.qa.tests.CalculatepriceTest"/>
  <testcase name="checkstatusLine" time="0.001" classname="com.qa.tests.CalculatepriceTest"/>
  <testcase name="checkContentType" time="0.0" classname="com.qa.tests.ListBookingsTest"/>
  <testcase name="checkStatusCode" time="0.0" classname="com.qa.tests.ListBookingsTest"/>
  <testcase name="checkstatusLine" time="0.001" classname="com.qa.tests.ListBookingsTest"/>
</testsuite> <!-- Test -->
