<?xml version="1.0" encoding="UTF-8"?>
<testsuite xmlns:xsi="http://www.w3.org/2001/XMLSchema-instance" xsi:noNamespaceSchemaLocation="https://maven.apache.org/surefire/maven-surefire-plugin/xsd/surefire-test-report.xsd" name="TestSuite" time="23.614" tests="18" errors="0" skipped="0" failures="0">
  <properties>
[...]
</properties>
  <testcase name="checkContentTypeSearchcar" classname="com.qa.tests.SearchcarTest" time="0.018"/>
  <testcase name="checkStatusCodeSearchcar" classname="com.qa.tests.SearchcarTest" time="0"/>
  <testcase name="checkstatusLineSearchcar" classname="com.qa.tests.SearchcarTest" time="0"/>
  <testcase name="checkContentTypeLoginuser" classname="com.qa.tests.LoginuserTest" time="0.001"/>
  <testcase name="checkResposeBodyLoginuser" classname="com.qa.tests.LoginuserTest" time="0.009"/>
  <testcase name="checkStatusCodeLoginuser" classname="com.qa.tests.LoginuserTest" time="0"/>
  <testcase name="checkstatusLineLoginuser" classname="com.qa.tests.LoginuserTest" time="0.001"/>
  <testcase name="checkContentTypeCarBooking" classname="com.qa.tests.CarbookingTest" time="0"/>
  <testcase name="checkResposeBodyCarBooking" classname="com.qa.tests.CarbookingTest" time="0.001"/>
  <testcase name="checkStatusCodeCarBooking" classname="com.qa.tests.CarbookingTest" time="0.001"/>
  <testcase name="checkstatusLineCarBooking" classname="com.qa.tests.CarbookingTest" time="0.001"/>
  <testcase name="checkContentTypeCalculateprice" classname="com.qa.tests.CalculatepriceTest" time="0.001"/>
  <testcase name="checkResposeBodyCalculateprice" classname="com.qa.tests.CalculatepriceTest" time="0"/>
  <testcase name="checkStatusCodeCalculateprice" classname="com.qa.tests.CalculatepriceTest" time="0"/>
  <testcase name="checkstatusLineCalculateprice" classname="com.qa.tests.CalculatepriceTest" time="0.001"/>
  <testcase name="checkContentTypeListBookings" classname="com.qa.tests.ListBookingsTest" time="0"/>
  <testcase name="checkStatusCodeListBookings" classname="com.qa.tests.ListBookingsTest" time="0.003"/>
  <testcase name="checkstatusLineListBookings" classname="com.qa.tests.ListBookingsTest" time="0.001"/>
</testsuite>