<?xml version="1.0" encoding="UTF-8"?>
<!-- Generated by org.testng.reporters.JUnitXMLReporter -->
<testsuite hostname="C02XG1K7JG5M" ignored="0" name="Test" tests="18" failures="0" timestamp="23 May 2021 06:52:02 GMT" time="11.611" errors="0">
  <testcase name="checkContentTypeSearchcar" time="0.004" classname="com.qa.tests.SearchcarTest"/>
  <testcase name="checkStatusCodeSearchcar" time="0.001" classname="com.qa.tests.SearchcarTest"/>
  <testcase name="checkstatusLineSearchcar" time="0.001" classname="com.qa.tests.SearchcarTest"/>
  <testcase name="checkContentTypeLoginuser" time="0.001" classname="com.qa.tests.LoginuserTest"/>
  <testcase name="checkResposeBodyLoginuser" time="0.008" classname="com.qa.tests.LoginuserTest"/>
  <testcase name="checkStatusCodeLoginuser" time="0.001" classname="com.qa.tests.LoginuserTest"/>
  <testcase name="checkstatusLineLoginuser" time="0.0" classname="com.qa.tests.LoginuserTest"/>
  <testcase name="checkContentTypeCarBooking" time="0.0" classname="com.qa.tests.CabookingTest"/>
  <testcase name="checkResposeBodyCarBooking" time="0.001" classname="com.qa.tests.CabookingTest"/>
  <testcase name="checkStatusCodeCarBooking" time="0.0" classname="com.qa.tests.CabookingTest"/>
  <testcase name="checkstatusLineCarBooking" time="0.001" classname="com.qa.tests.CabookingTest"/>
  <testcase name="checkContentTypeCalculateprice" time="0.001" classname="com.qa.tests.CalculatepriceTest"/>
  <testcase name="checkResposeBodyCalculateprice" time="0.0" classname="com.qa.tests.CalculatepriceTest"/>
  <testcase name="checkStatusCodeCalculateprice" time="0.001" classname="com.qa.tests.CalculatepriceTest"/>
  <testcase name="checkstatusLineCalculateprice" time="0.001" classname="com.qa.tests.CalculatepriceTest"/>
  <testcase name="checkContentTypeListBookings" time="0.001" classname="com.qa.tests.ListBookingsTest"/>
  <testcase name="checkStatusCodeListBookings" time="0.001" classname="com.qa.tests.ListBookingsTest"/>
  <testcase name="checkstatusLineListBookings" time="0.0" classname="com.qa.tests.ListBookingsTest"/>
</testsuite> <!-- Test -->
